[2017-04-14 16:31:59.285] [INFO] resLogger - 
*************** response log start ***************
request method: GET
request originalUrl:  /api
request client ip:  ::ffff:127.0.0.1
request query:  {}
response time: 7
response status: 200
response body: 
{"code":0,"message":"ok","data":"api接口"}
*************** response log end ***************

[2017-04-14 16:32:14.722] [INFO] resLogger - 
*************** response log start ***************
request method: GET
request originalUrl:  /api/user
request client ip:  ::ffff:127.0.0.1
request query:  {}
response time: 0
response status: 404
response body: 
undefined
*************** response log end ***************

[2017-04-14 16:34:33.684] [INFO] resLogger - 
*************** response log start ***************
request method: GET
request originalUrl:  /api/user/12
request client ip:  ::1
request query:  {}
response time: 6
response status: 200
response body: 
{"data":"api_user接口接口get"}
*************** response log end ***************

[2017-04-14 16:34:39.302] [INFO] resLogger - 
*************** response log start ***************
request method: GET
request originalUrl:  /api/user/12
request client ip:  ::1
request query:  {}
response time: 1
response status: 200
response body: 
{"data":"api_user接口接口get"}
*************** response log end ***************

[2017-04-14 16:35:40.228] [INFO] resLogger - 
*************** response log start ***************
request method: GET
request originalUrl:  /api/user/12
request client ip:  ::1
request query:  {}
response time: 5
response status: 200
response body: 
{"data":"api_user接口接口get"}
*************** response log end ***************

[2017-04-14 16:36:06.787] [INFO] resLogger - 
*************** response log start ***************
request method: GET
request originalUrl:  /api/user/12
request client ip:  ::ffff:127.0.0.1
request query:  {}
response time: 7
response status: 200
response body: 
{"data":"api_user接口接口get"}
*************** response log end ***************

[2017-04-14 16:36:08.748] [INFO] resLogger - 
*************** response log start ***************
request method: GET
request originalUrl:  /api/user/12
request client ip:  ::ffff:127.0.0.1
request query:  {}
response time: 1
response status: 200
response body: 
{"data":"api_user接口接口get"}
*************** response log end ***************

[2017-04-14 16:36:21.083] [INFO] resLogger - 
*************** response log start ***************
request method: GET
request originalUrl:  /api/user/12
request client ip:  ::1
request query:  {}
response time: 13
response status: 200
response body: 
{"data":"api_user接口接口get"}
*************** response log end ***************

[2017-04-14 16:37:13.462] [INFO] resLogger - 
*************** response log start ***************
request method: GET
request originalUrl:  /api/user/12
request client ip:  ::1
request query:  {}
response time: 7
response status: 200
response body: 
{"data":"api_user接口接口get"}
*************** response log end ***************

[2017-04-14 16:40:05.529] [INFO] resLogger - 
*************** response log start ***************
request method: GET
request originalUrl:  /api/user/12
request client ip:  ::1
request query:  {}
response time: 15
response status: 200
response body: 
{"data":"api_user接口接口get"}
*************** response log end ***************

[2017-04-14 16:41:37.158] [INFO] resLogger - 
*************** response log start ***************
request method: GET
request originalUrl:  /api/user/12
request client ip:  ::ffff:127.0.0.1
request query:  {}
response time: 12
response status: 200
response body: 
{"data":"api_user接口接口get"}
*************** response log end ***************

