[2017-04-10 21:00:25.391] [INFO] resLogger - 
*************** response log start ***************
request method: GET
request originalUrl:  /inde
request client ip:  ::1
request query:  {}
response time: 0
response status: 404
response body: 
undefined
*************** response log end ***************

[2017-04-10 21:00:28.147] [INFO] resLogger - 
*************** response log start ***************
request method: GET
request originalUrl:  /
request client ip:  ::1
request query:  {}
response time: 3
response status: 200
response body: 
"这是根目录/"
*************** response log end ***************

[2017-04-10 21:00:31.185] [INFO] resLogger - 
*************** response log start ***************
request method: GET
request originalUrl:  /
request client ip:  ::1
request query:  {}
response time: 0
response status: 200
response body: 
"这是根目录/"
*************** response log end ***************

[2017-04-10 21:00:36.154] [INFO] resLogger - 
*************** response log start ***************
request method: GET
request originalUrl:  /index
request client ip:  ::1
request query:  {}
response time: 1
response status: 200
response body: 
"this is a users response!"
*************** response log end ***************

[2017-04-10 21:00:38.621] [INFO] resLogger - 
*************** response log start ***************
request method: GET
request originalUrl:  /inde
request client ip:  ::1
request query:  {}
response time: 0
response status: 404
response body: 
undefined
*************** response log end ***************

[2017-04-10 21:00:52.834] [INFO] resLogger - 
*************** response log start ***************
request method: GET
request originalUrl:  /inde
request client ip:  ::1
request query:  {}
response time: 3
response status: 200
response body: 
"这是根目录/"
*************** response log end ***************

[2017-04-10 21:00:57.173] [INFO] resLogger - 
*************** response log start ***************
request method: GET
request originalUrl:  /inde
request client ip:  ::1
request query:  {}
response time: 0
response status: 200
response body: 
"这是根目录/"
*************** response log end ***************

[2017-04-10 21:01:04.226] [INFO] resLogger - 
*************** response log start ***************
request method: GET
request originalUrl:  /inde
request client ip:  ::1
request query:  {}
response time: 1
response status: 404
response body: 
undefined
*************** response log end ***************

[2017-04-10 21:01:36.865] [INFO] resLogger - 
*************** response log start ***************
request method: GET
request originalUrl:  /index.html
request client ip:  ::1
request query:  {}
response time: 0
response status: 404
response body: 
undefined
*************** response log end ***************

[2017-04-10 21:04:09.575] [INFO] resLogger - 
*************** response log start ***************
request method: GET
request originalUrl:  /
request client ip:  ::1
request query:  {}
response time: 2
response status: 200
response body: 
"这是根目录/"
*************** response log end ***************

[2017-04-10 21:04:20.613] [INFO] resLogger - 
*************** response log start ***************
request method: GET
request originalUrl:  /
request client ip:  ::1
request query:  {}
response time: 0
response status: 200
response body: 
"这是根目录/"
*************** response log end ***************

[2017-04-10 21:04:26.594] [INFO] resLogger - 
*************** response log start ***************
request method: GET
request originalUrl:  /
request client ip:  ::1
request query:  {}
response time: 0
response status: 200
response body: 
"这是根目录/"
*************** response log end ***************

[2017-04-10 21:04:46.195] [INFO] resLogger - 
*************** response log start ***************
request method: GET
request originalUrl:  /
request client ip:  ::1
request query:  {}
response time: 0
response status: 200
response body: 
"这是根目录/"
*************** response log end ***************

[2017-04-10 21:04:47.696] [INFO] resLogger - 
*************** response log start ***************
request method: GET
request originalUrl:  /
request client ip:  ::1
request query:  {}
response time: 0
response status: 200
response body: 
"这是根目录/"
*************** response log end ***************

[2017-04-10 21:05:27.997] [INFO] resLogger - 
*************** response log start ***************
request method: GET
request originalUrl:  /
request client ip:  ::1
request query:  {}
response time: 0
response status: 200
response body: 
"这是根目录/"
*************** response log end ***************

[2017-04-10 21:05:33.204] [INFO] resLogger - 
*************** response log start ***************
request method: GET
request originalUrl:  /index.html
request client ip:  ::1
request query:  {}
response time: 0
response status: 404
response body: 
undefined
*************** response log end ***************

[2017-04-10 21:05:46.505] [INFO] resLogger - 
*************** response log start ***************
request method: GET
request originalUrl:  /favicon.ico
request client ip:  ::1
request query:  {}
response time: 0
response status: 404
response body: 
undefined
*************** response log end ***************

[2017-04-10 21:10:31.655] [INFO] resLogger - 
*************** response log start ***************
request method: GET
request originalUrl:  /
request client ip:  ::1
request query:  {}
response time: 0
response status: 200
response body: 
"这是根目录/"
*************** response log end ***************

[2017-04-10 21:19:16.576] [INFO] resLogger - 
*************** response log start ***************
request method: GET
request originalUrl:  /index/
request client ip:  ::1
request query:  {}
response time: 2
response status: 200
response body: 
"/index/"
*************** response log end ***************

[2017-04-10 21:19:20.074] [INFO] resLogger - 
*************** response log start ***************
request method: GET
request originalUrl:  /index/s
request client ip:  ::1
request query:  {}
response time: 1
response status: 404
response body: 
undefined
*************** response log end ***************

[2017-04-10 21:19:25.088] [INFO] resLogger - 
*************** response log start ***************
request method: GET
request originalUrl:  /index/haha
request client ip:  ::1
request query:  {}
response time: 1
response status: 200
response body: 
"/index/haha"
*************** response log end ***************

[2017-04-10 21:19:27.289] [INFO] resLogger - 
*************** response log start ***************
request method: GET
request originalUrl:  /index/haha/
request client ip:  ::1
request query:  {}
response time: 0
response status: 200
response body: 
"/index/haha"
*************** response log end ***************

[2017-04-10 21:19:32.690] [INFO] resLogger - 
*************** response log start ***************
request method: GET
request originalUrl:  /index/hahasd
request client ip:  ::1
request query:  {}
response time: 0
response status: 404
response body: 
undefined
*************** response log end ***************

[2017-04-10 21:19:36.476] [INFO] resLogger - 
*************** response log start ***************
request method: GET
request originalUrl:  /index/haha/
request client ip:  ::1
request query:  {}
response time: 1
response status: 200
response body: 
"/index/haha"
*************** response log end ***************

[2017-04-10 21:19:38.875] [INFO] resLogger - 
*************** response log start ***************
request method: GET
request originalUrl:  /index/haha/dsd
request client ip:  ::1
request query:  {}
response time: 0
response status: 404
response body: 
undefined
*************** response log end ***************

