[2017-04-12 21:41:45.900] [INFO] resLogger - 
*************** response log start ***************
request method: GET
request originalUrl:  /index/
request client ip:  ::1
request query:  {}
response time: 760
response status: 200
response body: 
"<!DOCTYPE html>\r\n<html lang=\"en\">\r\n<head>\r\n    <meta charset=\"UTF-8\">\r\n    <title>Title</title>\r\n</head>\r\n<body>\r\n\r\n神2:hahahah<br/>\r\n\r\n神2:hahahah<br/>\r\n\r\n神2:hahahah<br/>\r\n\r\n神2:hahahah<br/>\r\n\r\n神2:hahahah<br/>\r\n\r\n神2:hahahah<br/>\r\n\r\n神2:hahahah<br/>\r\n\r\n神2:hahahah<br/>\r\n\r\n神2:hahahah<br/>\r\n\r\n神2:hahahah<br/>\r\n\r\n神2:hahahah<br/>\r\n\r\n神2:hahahah<br/>\r\n\r\n神2:hahahah<br/>\r\n\r\n神2:hahahah<br/>\r\n\r\n神2:hahahah<br/>\r\n\r\n神2:hahahah<br/>\r\n\r\n神2:hahahah<br/>\r\n\r\n神2:hahahah<br/>\r\n\r\n神1:abcd<br/>\r\n\r\n神1:abcd<br/>\r\n\r\n神1:abcd<br/>\r\n\r\n神1:abcd<br/>\r\n\r\n神1:abcd<br/>\r\n\r\n神1:abcd<br/>\r\n\r\n神1:abcd<br/>\r\n\r\n神1:abcd<br/>\r\n\r\n恶魔:1233<br/>\r\n\r\n恶魔:1233<br/>\r\n\r\n神haha:123<br/>\r\n\r\n神haha:123<br/>\r\n\r\n神haha:123<br/>\r\n\r\n神haha:123<br/>\r\n\r\naaa:asdasd<br/>\r\n\r\n:<br/>\r\n\r\naaa:asdasd<br/>\r\n\r\n</body>\r\n</html>"
*************** response log end ***************

[2017-04-12 21:42:02.862] [INFO] resLogger - 
*************** response log start ***************
request method: GET
request originalUrl:  /index/
request client ip:  ::1
request query:  {}
response time: 19
response status: 200
response body: 
"<!DOCTYPE html>\r\n<html lang=\"en\">\r\n<head>\r\n    <meta charset=\"UTF-8\">\r\n    <title>Title</title>\r\n</head>\r\n<body>\r\n\r\n:<br/>\r\n\r\n:<br/>\r\n\r\n</body>\r\n</html>"
*************** response log end ***************

[2017-04-12 21:42:06.626] [INFO] resLogger - 
*************** response log start ***************
request method: GET
request originalUrl:  /index/
request client ip:  ::1
request query:  {}
response time: 1
response status: 200
response body: 
"<!DOCTYPE html>\r\n<html lang=\"en\">\r\n<head>\r\n    <meta charset=\"UTF-8\">\r\n    <title>Title</title>\r\n</head>\r\n<body>\r\n\r\n:<br/>\r\n\r\n:<br/>\r\n\r\n</body>\r\n</html>"
*************** response log end ***************

[2017-04-12 21:43:17.628] [INFO] resLogger - 
*************** response log start ***************
request method: GET
request originalUrl:  /index/
request client ip:  ::1
request query:  {}
response time: 13
response status: 200
response body: 
"<!DOCTYPE html>\r\n<html lang=\"en\">\r\n<head>\r\n    <meta charset=\"UTF-8\">\r\n    <title>Title</title>\r\n</head>\r\n<body>\r\n\r\n:<br/>\r\n\r\n:<br/>\r\n\r\n</body>\r\n</html>"
*************** response log end ***************

[2017-04-12 21:44:06.203] [INFO] resLogger - 
*************** response log start ***************
request method: GET
request originalUrl:  /index/
request client ip:  ::1
request query:  {}
response time: 15
response status: 200
response body: 
"<!DOCTYPE html>\r\n<html lang=\"en\">\r\n<head>\r\n    <meta charset=\"UTF-8\">\r\n    <title>Title</title>\r\n</head>\r\n<body>\r\n\r\n:<br/>\r\n\r\n:<br/>\r\n\r\n</body>\r\n</html>"
*************** response log end ***************

[2017-04-12 21:45:44.371] [INFO] resLogger - 
*************** response log start ***************
request method: GET
request originalUrl:  /index/
request client ip:  ::1
request query:  {}
response time: 13
response status: 200
response body: 
"<!DOCTYPE html>\r\n<html lang=\"en\">\r\n<head>\r\n    <meta charset=\"UTF-8\">\r\n    <title>Title</title>\r\n</head>\r\n<body>\r\n\r\n:<br/>\r\n\r\n:<br/>\r\n\r\n</body>\r\n</html>"
*************** response log end ***************

[2017-04-12 21:56:01.454] [INFO] resLogger - 
*************** response log start ***************
request method: GET
request originalUrl:  /index/
request client ip:  ::1
request query:  {}
response time: 1
response status: 404
response body: 
undefined
*************** response log end ***************

[2017-04-12 21:57:25.482] [INFO] resLogger - 
*************** response log start ***************
request method: GET
request originalUrl:  /index/
request client ip:  ::1
request query:  {}
response time: 2
response status: 404
response body: 
undefined
*************** response log end ***************

