[2017-04-03 18:03:59.108] [INFO] resLogger - 
*************** response log start ***************
request method: GET
request originalUrl:  /favicon.ico
request client ip:  ::1
request query:  {}
response time: 0
response status: 404
response body: 
undefined
*************** response log end ***************

[2017-04-03 18:04:04.545] [INFO] resLogger - 
*************** response log start ***************
request method: GET
request originalUrl:  /favicon.ico
request client ip:  ::1
request query:  {}
response time: 0
response status: 404
response body: 
undefined
*************** response log end ***************

[2017-04-03 18:04:04.789] [INFO] resLogger - 
*************** response log start ***************
request method: GET
request originalUrl:  /favicon.ico
request client ip:  ::1
request query:  {}
response time: 0
response status: 404
response body: 
undefined
*************** response log end ***************

[2017-04-03 18:04:05.099] [INFO] resLogger - 
*************** response log start ***************
request method: GET
request originalUrl:  /favicon.ico
request client ip:  ::1
request query:  {}
response time: 0
response status: 404
response body: 
undefined
*************** response log end ***************

[2017-04-03 18:04:05.133] [INFO] resLogger - 
*************** response log start ***************
request method: GET
request originalUrl:  /favicon.ico
request client ip:  ::1
request query:  {}
response time: 0
response status: 404
response body: 
undefined
*************** response log end ***************

[2017-04-03 18:04:05.138] [INFO] resLogger - 
*************** response log start ***************
request method: GET
request originalUrl:  /favicon.ico
request client ip:  ::1
request query:  {}
response time: 0
response status: 404
response body: 
undefined
*************** response log end ***************

[2017-04-03 18:04:11.896] [INFO] resLogger - 
*************** response log start ***************
request method: GET
request originalUrl:  /
request client ip:  ::1
request query:  {}
response time: 12
response status: 200
response body: 
"<!DOCTYPE html>\r\n<html lang=\"en\">\r\n<head>\r\n    <meta charset=\"UTF-8\">\r\n    <title>Title</title>\r\n</head>\r\n<body>\r\n小明\r\n</body>\r\n</html>"
*************** response log end ***************

[2017-04-03 18:04:27.299] [INFO] resLogger - 
*************** response log start ***************
request method: GET
request originalUrl:  /
request client ip:  ::1
request query:  {}
response time: 11
response status: 200
response body: 
"<!DOCTYPE html>\r\n<html lang=\"en\">\r\n<head>\r\n    <meta charset=\"UTF-8\">\r\n    <title>Title</title>\r\n</head>\r\n<body>\r\n小明\r\n</body>\r\n</html>"
*************** response log end ***************

[2017-04-03 18:05:41.882] [INFO] resLogger - 
*************** response log start ***************
request method: GET
request originalUrl:  /
request client ip:  ::1
request query:  {}
response time: 14
response status: 200
response body: 
"<!DOCTYPE html>\r\n<html lang=\"en\">\r\n<head>\r\n    <meta charset=\"UTF-8\">\r\n    <title>Title</title>\r\n</head>\r\n<body>\r\n小明\r\n</body>\r\n</html>"
*************** response log end ***************

[2017-04-03 18:51:23.678] [INFO] resLogger - 
*************** response log start ***************
request method: GET
request originalUrl:  /
request client ip:  ::1
request query:  {}
response time: 20
response status: 200
response body: 
"<!DOCTYPE html>\r\n<html lang=\"en\">\r\n<head>\r\n    <meta charset=\"UTF-8\">\r\n    <title>Title</title>\r\n</head>\r\n<body>\r\n小明\r\n</body>\r\n</html>"
*************** response log end ***************

[2017-04-03 18:52:15.684] [INFO] resLogger - 
*************** response log start ***************
request method: GET
request originalUrl:  /
request client ip:  ::1
request query:  {}
response time: 21
response status: 200
response body: 
"<!DOCTYPE html>\r\n<html lang=\"en\">\r\n<head>\r\n    <meta charset=\"UTF-8\">\r\n    <title>Title</title>\r\n</head>\r\n<body>\r\n小明\r\n</body>\r\n</html>"
*************** response log end ***************

[2017-04-03 18:53:41.185] [INFO] resLogger - 
*************** response log start ***************
request method: GET
request originalUrl:  /
request client ip:  ::1
request query:  {}
response time: 17
response status: 200
response body: 
"<!DOCTYPE html>\r\n<html lang=\"en\">\r\n<head>\r\n    <meta charset=\"UTF-8\">\r\n    <title>Title</title>\r\n</head>\r\n<body>\r\n小明\r\n</body>\r\n</html>"
*************** response log end ***************

[2017-04-03 18:55:01.403] [INFO] resLogger - 
*************** response log start ***************
request method: GET
request originalUrl:  /
request client ip:  ::1
request query:  {}
response time: 18
response status: 200
response body: 
"<!DOCTYPE html>\r\n<html lang=\"en\">\r\n<head>\r\n    <meta charset=\"UTF-8\">\r\n    <title>Title</title>\r\n</head>\r\n<body>\r\n小明\r\n</body>\r\n</html>"
*************** response log end ***************

[2017-04-03 18:55:20.247] [INFO] resLogger - 
*************** response log start ***************
request method: GET
request originalUrl:  /
request client ip:  ::1
request query:  {}
response time: 21
response status: 200
response body: 
"<!DOCTYPE html>\r\n<html lang=\"en\">\r\n<head>\r\n    <meta charset=\"UTF-8\">\r\n    <title>Title</title>\r\n</head>\r\n<body>\r\n小明\r\n</body>\r\n</html>"
*************** response log end ***************

[2017-04-03 18:55:25.103] [INFO] resLogger - 
*************** response log start ***************
request method: GET
request originalUrl:  /
request client ip:  ::1
request query:  {}
response time: 2
response status: 200
response body: 
"<!DOCTYPE html>\r\n<html lang=\"en\">\r\n<head>\r\n    <meta charset=\"UTF-8\">\r\n    <title>Title</title>\r\n</head>\r\n<body>\r\n小明\r\n</body>\r\n</html>"
*************** response log end ***************

[2017-04-03 18:55:31.047] [INFO] resLogger - 
*************** response log start ***************
request method: GET
request originalUrl:  /
request client ip:  ::1
request query:  {}
response time: 2
response status: 200
response body: 
"<!DOCTYPE html>\r\n<html lang=\"en\">\r\n<head>\r\n    <meta charset=\"UTF-8\">\r\n    <title>Title</title>\r\n</head>\r\n<body>\r\n小明\r\n</body>\r\n</html>"
*************** response log end ***************

[2017-04-03 18:55:36.440] [INFO] resLogger - 
*************** response log start ***************
request method: GET
request originalUrl:  /
request client ip:  ::1
request query:  {}
response time: 18
response status: 200
response body: 
"<!DOCTYPE html>\r\n<html lang=\"en\">\r\n<head>\r\n    <meta charset=\"UTF-8\">\r\n    <title>Title</title>\r\n</head>\r\n<body>\r\n小明\r\n</body>\r\n</html>"
*************** response log end ***************

[2017-04-03 18:56:16.812] [INFO] resLogger - 
*************** response log start ***************
request method: GET
request originalUrl:  /
request client ip:  ::1
request query:  {}
response time: 20
response status: 200
response body: 
"<!DOCTYPE html>\r\n<html lang=\"en\">\r\n<head>\r\n    <meta charset=\"UTF-8\">\r\n    <title>Title</title>\r\n</head>\r\n<body>\r\n小明\r\n</body>\r\n</html>"
*************** response log end ***************

[2017-04-03 18:57:11.546] [INFO] resLogger - 
*************** response log start ***************
request method: GET
request originalUrl:  /
request client ip:  ::1
request query:  {}
response time: 16
response status: 200
response body: 
"<!DOCTYPE html>\r\n<html lang=\"en\">\r\n<head>\r\n    <meta charset=\"UTF-8\">\r\n    <title>Title</title>\r\n</head>\r\n<body>\r\n小明\r\n</body>\r\n</html>"
*************** response log end ***************

[2017-04-03 18:57:24.085] [INFO] resLogger - 
*************** response log start ***************
request method: GET
request originalUrl:  /
request client ip:  ::1
request query:  {}
response time: 2
response status: 200
response body: 
"<!DOCTYPE html>\r\n<html lang=\"en\">\r\n<head>\r\n    <meta charset=\"UTF-8\">\r\n    <title>Title</title>\r\n</head>\r\n<body>\r\n小明\r\n</body>\r\n</html>"
*************** response log end ***************

[2017-04-03 18:57:40.321] [INFO] resLogger - 
*************** response log start ***************
request method: GET
request originalUrl:  /
request client ip:  ::1
request query:  {}
response time: 17
response status: 200
response body: 
"<!DOCTYPE html>\r\n<html lang=\"en\">\r\n<head>\r\n    <meta charset=\"UTF-8\">\r\n    <title>Title</title>\r\n</head>\r\n<body>\r\n小明\r\n</body>\r\n</html>"
*************** response log end ***************

[2017-04-03 18:58:02.945] [INFO] resLogger - 
*************** response log start ***************
request method: GET
request originalUrl:  /
request client ip:  ::1
request query:  {}
response time: 13
response status: 200
response body: 
"<!DOCTYPE html>\r\n<html lang=\"en\">\r\n<head>\r\n    <meta charset=\"UTF-8\">\r\n    <title>Title</title>\r\n</head>\r\n<body>\r\n小明\r\n</body>\r\n</html>"
*************** response log end ***************

[2017-04-03 18:58:05.030] [INFO] resLogger - 
*************** response log start ***************
request method: GET
request originalUrl:  /
request client ip:  ::1
request query:  {}
response time: 1
response status: 200
response body: 
"<!DOCTYPE html>\r\n<html lang=\"en\">\r\n<head>\r\n    <meta charset=\"UTF-8\">\r\n    <title>Title</title>\r\n</head>\r\n<body>\r\n小明\r\n</body>\r\n</html>"
*************** response log end ***************

