[2017-04-14 08:11:40.888] [INFO] resLogger - 
*************** response log start ***************
request method: GET
request originalUrl:  /favicon.ico
request client ip:  ::1
request query:  {}
response time: 2
response status: 404
response body: 
undefined
*************** response log end ***************

[2017-04-14 08:33:14.498] [INFO] resLogger - 
*************** response log start ***************
request method: GET
request originalUrl:  /index
request client ip:  ::1
request query:  {}
response time: 53
response status: 200
response body: 
"<!DOCTYPE html>\r\n<html lang=\"en\">\r\n<head>\r\n    <meta charset=\"UTF-8\">\r\n    <title>Title</title>\r\n</head>\r\n<body>\r\n\r\n</body>\r\n</html>"
*************** response log end ***************

[2017-04-14 08:33:17.225] [INFO] resLogger - 
*************** response log start ***************
request method: GET
request originalUrl:  /index
request client ip:  ::1
request query:  {}
response time: 28
response status: 200
response body: 
"<!DOCTYPE html>\r\n<html lang=\"en\">\r\n<head>\r\n    <meta charset=\"UTF-8\">\r\n    <title>Title</title>\r\n</head>\r\n<body>\r\n\r\n</body>\r\n</html>"
*************** response log end ***************

[2017-04-14 08:33:38.414] [INFO] resLogger - 
*************** response log start ***************
request method: GET
request originalUrl:  /index
request client ip:  ::1
request query:  {}
response time: 25
response status: 200
response body: 
"<!DOCTYPE html>\r\n<html lang=\"en\">\r\n<head>\r\n    <meta charset=\"UTF-8\">\r\n    <title>Title</title>\r\n</head>\r\n<body>\r\n\r\nds:asdasdasd<br/>\r\n\r\n</body>\r\n</html>"
*************** response log end ***************

