[2017-04-03 13:00:22.359] [INFO] resLogger - 
*************** response log start ***************
request method: GET
request originalUrl:  /favicon.ico
request client ip:  ::1
request query:  {}
response time: 1
response status: 404
response body: 
undefined
*************** response log end ***************

[2017-04-03 13:00:22.628] [INFO] resLogger - 
*************** response log start ***************
request method: GET
request originalUrl:  /favicon.ico
request client ip:  ::1
request query:  {}
response time: 1
response status: 404
response body: 
undefined
*************** response log end ***************

[2017-04-03 13:00:23.898] [INFO] resLogger - 
*************** response log start ***************
request method: GET
request originalUrl:  /
request client ip:  ::1
request query:  {}
response time: 16
response status: 200
response body: 
"<!DOCTYPE html>\r\n<html lang=\"en\">\r\n<head>\r\n    <meta charset=\"UTF-8\">\r\n    <title>Title</title>\r\n</head>\r\n<body>\r\n小明\r\n</body>\r\n</html>"
*************** response log end ***************

[2017-04-03 13:00:24.338] [INFO] resLogger - 
*************** response log start ***************
request method: GET
request originalUrl:  /favicon.ico
request client ip:  ::1
request query:  {}
response time: 0
response status: 404
response body: 
undefined
*************** response log end ***************

[2017-04-03 13:00:30.373] [INFO] resLogger - 
*************** response log start ***************
request method: GET
request originalUrl:  /favicon.ico
request client ip:  ::1
request query:  {}
response time: 0
response status: 404
response body: 
undefined
*************** response log end ***************

[2017-04-03 13:00:30.474] [INFO] resLogger - 
*************** response log start ***************
request method: GET
request originalUrl:  /favicon.ico
request client ip:  ::1
request query:  {}
response time: 0
response status: 404
response body: 
undefined
*************** response log end ***************

[2017-04-03 13:00:31.461] [INFO] resLogger - 
*************** response log start ***************
request method: GET
request originalUrl:  /favicon.ico
request client ip:  ::1
request query:  {}
response time: 0
response status: 404
response body: 
undefined
*************** response log end ***************

[2017-04-03 13:00:31.561] [INFO] resLogger - 
*************** response log start ***************
request method: GET
request originalUrl:  /favicon.ico
request client ip:  ::1
request query:  {}
response time: 0
response status: 404
response body: 
undefined
*************** response log end ***************

[2017-04-03 13:00:31.585] [INFO] resLogger - 
*************** response log start ***************
request method: GET
request originalUrl:  /favicon.ico
request client ip:  ::1
request query:  {}
response time: 0
response status: 404
response body: 
undefined
*************** response log end ***************

[2017-04-03 13:00:31.685] [INFO] resLogger - 
*************** response log start ***************
request method: GET
request originalUrl:  /favicon.ico
request client ip:  ::1
request query:  {}
response time: 0
response status: 404
response body: 
undefined
*************** response log end ***************

[2017-04-03 13:00:31.732] [INFO] resLogger - 
*************** response log start ***************
request method: GET
request originalUrl:  /favicon.ico
request client ip:  ::1
request query:  {}
response time: 0
response status: 404
response body: 
undefined
*************** response log end ***************

[2017-04-03 13:00:31.832] [INFO] resLogger - 
*************** response log start ***************
request method: GET
request originalUrl:  /favicon.ico
request client ip:  ::1
request query:  {}
response time: 0
response status: 404
response body: 
undefined
*************** response log end ***************

[2017-04-03 13:00:32.271] [INFO] resLogger - 
*************** response log start ***************
request method: GET
request originalUrl:  /favicon.ico
request client ip:  ::1
request query:  {}
response time: 0
response status: 404
response body: 
undefined
*************** response log end ***************

[2017-04-03 13:00:32.367] [INFO] resLogger - 
*************** response log start ***************
request method: GET
request originalUrl:  /favicon.ico
request client ip:  ::1
request query:  {}
response time: 0
response status: 404
response body: 
undefined
*************** response log end ***************

[2017-04-03 13:00:32.457] [INFO] resLogger - 
*************** response log start ***************
request method: GET
request originalUrl:  /favicon.ico
request client ip:  ::1
request query:  {}
response time: 0
response status: 404
response body: 
undefined
*************** response log end ***************

[2017-04-03 13:00:32.556] [INFO] resLogger - 
*************** response log start ***************
request method: GET
request originalUrl:  /favicon.ico
request client ip:  ::1
request query:  {}
response time: 0
response status: 404
response body: 
undefined
*************** response log end ***************

[2017-04-03 13:00:32.940] [INFO] resLogger - 
*************** response log start ***************
request method: GET
request originalUrl:  /?app=1
request client ip:  ::1
request query:  {"app":"1"}
response time: 1
response status: 200
response body: 
"<!DOCTYPE html>\r\n<html lang=\"en\">\r\n<head>\r\n    <meta charset=\"UTF-8\">\r\n    <title>Title</title>\r\n</head>\r\n<body>\r\n小明\r\n</body>\r\n</html>"
*************** response log end ***************

[2017-04-03 13:01:04.094] [INFO] resLogger - 
*************** response log start ***************
request method: GET
request originalUrl:  /?app=1
request client ip:  ::1
request query:  {"app":"1"}
response time: 13
response status: 200
response body: 
"<!DOCTYPE html>\r\n<html lang=\"en\">\r\n<head>\r\n    <meta charset=\"UTF-8\">\r\n    <title>Title</title>\r\n</head>\r\n<body>\r\n小明\r\n</body>\r\n</html>"
*************** response log end ***************

[2017-04-03 13:01:19.086] [INFO] resLogger - 
*************** response log start ***************
request method: GET
request originalUrl:  /?app=1
request client ip:  ::1
request query:  {"app":"1"}
response time: 8
response status: 200
response body: 
"<!DOCTYPE html>\r\n<html lang=\"en\">\r\n<head>\r\n    <meta charset=\"UTF-8\">\r\n    <title>Title</title>\r\n</head>\r\n<body>\r\n小明\r\n</body>\r\n</html>"
*************** response log end ***************

[2017-04-03 13:05:44.936] [INFO] resLogger - 
*************** response log start ***************
request method: GET
request originalUrl:  /?app=1
request client ip:  ::1
request query:  {"app":"1"}
response time: 2
response status: 200
response body: 
"<!DOCTYPE html>\r\n<html lang=\"en\">\r\n<head>\r\n    <meta charset=\"UTF-8\">\r\n    <title>Title</title>\r\n</head>\r\n<body>\r\n小明\r\n</body>\r\n</html>"
*************** response log end ***************

[2017-04-03 13:05:50.768] [INFO] resLogger - 
*************** response log start ***************
request method: GET
request originalUrl:  /?app=1
request client ip:  ::1
request query:  {"app":"1"}
response time: 11
response status: 200
response body: 
"<!DOCTYPE html>\r\n<html lang=\"en\">\r\n<head>\r\n    <meta charset=\"UTF-8\">\r\n    <title>Title</title>\r\n</head>\r\n<body>\r\n小明\r\n</body>\r\n</html>"
*************** response log end ***************

[2017-04-03 13:10:45.060] [INFO] resLogger - 
*************** response log start ***************
request method: GET
request originalUrl:  /?app=1
request client ip:  ::1
request query:  {"app":"1"}
response time: 16
response status: 200
response body: 
"<!DOCTYPE html>\r\n<html lang=\"en\">\r\n<head>\r\n    <meta charset=\"UTF-8\">\r\n    <title>Title</title>\r\n</head>\r\n<body>\r\n小明\r\n</body>\r\n</html>"
*************** response log end ***************

[2017-04-03 13:11:01.739] [INFO] resLogger - 
*************** response log start ***************
request method: GET
request originalUrl:  /?app=1
request client ip:  ::1
request query:  {"app":"1"}
response time: 11
response status: 200
response body: 
"<!DOCTYPE html>\r\n<html lang=\"en\">\r\n<head>\r\n    <meta charset=\"UTF-8\">\r\n    <title>Title</title>\r\n</head>\r\n<body>\r\n小明\r\n</body>\r\n</html>"
*************** response log end ***************

