[2017-04-14 15:20:34.945] [INFO] resLogger - 
*************** response log start ***************
request method: GET
request originalUrl:  /
request client ip:  ::1
request query:  {}
response time: 3
response status: 200
response body: 
"api接口"
*************** response log end ***************

[2017-04-14 15:20:48.993] [INFO] resLogger - 
*************** response log start ***************
request method: GET
request originalUrl:  /
request client ip:  ::1
request query:  {}
response time: 3
response status: 200
response body: 
"api接口"
*************** response log end ***************

[2017-04-14 15:20:49.057] [INFO] resLogger - 
*************** response log start ***************
request method: GET
request originalUrl:  /
request client ip:  ::1
request query:  {}
response time: 1
response status: 200
response body: 
"api接口"
*************** response log end ***************

[2017-04-14 15:21:18.517] [INFO] resLogger - 
*************** response log start ***************
request method: GET
request originalUrl:  /api/
request client ip:  ::1
request query:  {}
response time: 0
response status: 404
response body: 
undefined
*************** response log end ***************

[2017-04-14 15:21:22.171] [INFO] resLogger - 
*************** response log start ***************
request method: GET
request originalUrl:  /api
request client ip:  ::1
request query:  {}
response time: 0
response status: 404
response body: 
undefined
*************** response log end ***************

[2017-04-14 15:21:35.181] [INFO] resLogger - 
*************** response log start ***************
request method: GET
request originalUrl:  /api/user
request client ip:  ::1
request query:  {}
response time: 0
response status: 404
response body: 
undefined
*************** response log end ***************

[2017-04-14 15:26:31.748] [INFO] resLogger - 
*************** response log start ***************
request method: GET
request originalUrl:  /
request client ip:  ::1
request query:  {}
response time: 0
response status: 200
response body: 
"api接口"
*************** response log end ***************

[2017-04-14 15:27:51.441] [INFO] resLogger - 
*************** response log start ***************
request method: GET
request originalUrl:  /
request client ip:  ::ffff:127.0.0.1
request query:  {}
response time: 4
response status: 200
response body: 
"api接口"
*************** response log end ***************

[2017-04-14 15:29:17.571] [INFO] resLogger - 
*************** response log start ***************
request method: GET
request originalUrl:  /
request client ip:  ::1
request query:  {}
response time: 2
response status: 200
response body: 
"api接口"
*************** response log end ***************

[2017-04-14 15:30:13.768] [INFO] resLogger - 
*************** response log start ***************
request method: GET
request originalUrl:  /
request client ip:  ::1
request query:  {}
response time: 4
response status: 200
response body: 
"api接口"
*************** response log end ***************

[2017-04-14 15:32:09.591] [INFO] resLogger - 
*************** response log start ***************
request method: GET
request originalUrl:  /
request client ip:  ::1
request query:  {}
response time: 4
response status: 200
response body: 
"api接口"
*************** response log end ***************

[2017-04-14 15:32:34.967] [INFO] resLogger - 
*************** response log start ***************
request method: GET
request originalUrl:  /index
request client ip:  ::1
request query:  {}
response time: 453
response status: 200
response body: 
"<!DOCTYPE html>\r\n<html lang=\"en\">\r\n<head>\r\n    <meta charset=\"UTF-8\">\r\n    <title>Title</title>\r\n</head>\r\n<body>\r\n\r\nds:asdasdasd<br/>\r\n\r\n</body>\r\n</html>"
*************** response log end ***************

[2017-04-14 15:32:58.764] [INFO] resLogger - 
*************** response log start ***************
request method: GET
request originalUrl:  /index
request client ip:  ::ffff:127.0.0.1
request query:  {}
response time: 252
response status: 200
response body: 
"<!DOCTYPE html>\r\n<html lang=\"en\">\r\n<head>\r\n    <meta charset=\"UTF-8\">\r\n    <title>Title</title>\r\n</head>\r\n<body>\r\n\r\nds:asdasdasd<br/>\r\n\r\n</body>\r\n</html>"
*************** response log end ***************

[2017-04-14 15:33:18.181] [INFO] resLogger - 
*************** response log start ***************
request method: GET
request originalUrl:  /
request client ip:  ::1
request query:  {}
response time: 3
response status: 200
response body: 
"这是根目录/"
*************** response log end ***************

[2017-04-14 15:33:39.477] [INFO] resLogger - 
*************** response log start ***************
request method: GET
request originalUrl:  /api
request client ip:  ::1
request query:  {}
response time: 4
response status: 200
response body: 
"api接口"
*************** response log end ***************

[2017-04-14 15:39:28.503] [INFO] resLogger - 
*************** response log start ***************
request method: GET
request originalUrl:  /api
request client ip:  ::1
request query:  {}
response time: 4
response status: 200
response body: 
{"code":0,"message":"ok","data":"api接口"}
*************** response log end ***************

