[2017-04-12 22:02:46.105] [INFO] resLogger - 
*************** response log start ***************
request method: GET
request originalUrl:  /index/
request client ip:  ::1
request query:  {}
response time: 1
response status: 404
response body: 
undefined
*************** response log end ***************

[2017-04-12 22:03:18.591] [INFO] resLogger - 
*************** response log start ***************
request method: GET
request originalUrl:  /index/
request client ip:  ::1
request query:  {}
response time: 0
response status: 404
response body: 
undefined
*************** response log end ***************

[2017-04-12 22:03:43.213] [INFO] resLogger - 
*************** response log start ***************
request method: GET
request originalUrl:  /index/
request client ip:  ::1
request query:  {}
response time: 0
response status: 404
response body: 
undefined
*************** response log end ***************

[2017-04-12 22:07:27.954] [INFO] resLogger - 
*************** response log start ***************
request method: GET
request originalUrl:  /index/
request client ip:  ::1
request query:  {}
response time: 1
response status: 404
response body: 
undefined
*************** response log end ***************

[2017-04-12 22:07:48.144] [INFO] resLogger - 
*************** response log start ***************
request method: GET
request originalUrl:  /index/
request client ip:  ::1
request query:  {}
response time: 1
response status: 404
response body: 
undefined
*************** response log end ***************

[2017-04-12 22:08:03.135] [INFO] resLogger - 
*************** response log start ***************
request method: GET
request originalUrl:  /index/
request client ip:  ::1
request query:  {}
response time: 1
response status: 404
response body: 
undefined
*************** response log end ***************

[2017-04-12 22:08:14.652] [INFO] resLogger - 
*************** response log start ***************
request method: GET
request originalUrl:  /index/
request client ip:  ::1
request query:  {}
response time: 1
response status: 404
response body: 
undefined
*************** response log end ***************

[2017-04-12 22:08:46.914] [INFO] resLogger - 
*************** response log start ***************
request method: GET
request originalUrl:  /index/
request client ip:  ::1
request query:  {}
response time: 13
response status: 200
response body: 
"<!DOCTYPE html>\r\n<html lang=\"en\">\r\n<head>\r\n    <meta charset=\"UTF-8\">\r\n    <title>Title</title>\r\n</head>\r\n<body>\r\n\r\n</body>\r\n</html>"
*************** response log end ***************

[2017-04-12 22:09:37.840] [INFO] resLogger - 
*************** response log start ***************
request method: GET
request originalUrl:  /index/
request client ip:  ::1
request query:  {}
response time: 15
response status: 200
response body: 
"<!DOCTYPE html>\r\n<html lang=\"en\">\r\n<head>\r\n    <meta charset=\"UTF-8\">\r\n    <title>Title</title>\r\n</head>\r\n<body>\r\n\r\n</body>\r\n</html>"
*************** response log end ***************

[2017-04-12 22:10:12.090] [INFO] resLogger - 
*************** response log start ***************
request method: GET
request originalUrl:  /index/
request client ip:  ::1
request query:  {}
response time: 1
response status: 404
response body: 
undefined
*************** response log end ***************

[2017-04-12 22:10:39.167] [INFO] resLogger - 
*************** response log start ***************
request method: GET
request originalUrl:  /index/
request client ip:  ::1
request query:  {}
response time: 3
response status: 404
response body: 
undefined
*************** response log end ***************

[2017-04-12 22:23:15.621] [INFO] resLogger - 
*************** response log start ***************
request method: GET
request originalUrl:  /index/
request client ip:  ::1
request query:  {}
response time: 3
response status: 404
response body: 
undefined
*************** response log end ***************

[2017-04-12 22:27:44.327] [INFO] resLogger - 
*************** response log start ***************
request method: GET
request originalUrl:  /index/
request client ip:  ::1
request query:  {}
response time: 166
response status: 200
response body: 
"<!DOCTYPE html>\r\n<html lang=\"en\">\r\n<head>\r\n    <meta charset=\"UTF-8\">\r\n    <title>Title</title>\r\n</head>\r\n<body>\r\n\r\n神2:hahahah<br/>\r\n\r\n神2:hahahah<br/>\r\n\r\n神2:hahahah<br/>\r\n\r\n神2:hahahah<br/>\r\n\r\n神2:hahahah<br/>\r\n\r\n神2:hahahah<br/>\r\n\r\n神2:hahahah<br/>\r\n\r\n神2:hahahah<br/>\r\n\r\n神2:hahahah<br/>\r\n\r\n神2:hahahah<br/>\r\n\r\n神2:hahahah<br/>\r\n\r\n神2:hahahah<br/>\r\n\r\n神2:hahahah<br/>\r\n\r\n神2:hahahah<br/>\r\n\r\n神2:hahahah<br/>\r\n\r\n神2:hahahah<br/>\r\n\r\n神2:hahahah<br/>\r\n\r\n神2:hahahah<br/>\r\n\r\n神1:abcd<br/>\r\n\r\n神1:abcd<br/>\r\n\r\n神1:abcd<br/>\r\n\r\n神1:abcd<br/>\r\n\r\n神1:abcd<br/>\r\n\r\n神1:abcd<br/>\r\n\r\n神1:abcd<br/>\r\n\r\n神1:abcd<br/>\r\n\r\n恶魔:1233<br/>\r\n\r\n恶魔:1233<br/>\r\n\r\n神haha:123<br/>\r\n\r\n神haha:123<br/>\r\n\r\n神haha:123<br/>\r\n\r\n神haha:123<br/>\r\n\r\naaa:asdasd<br/>\r\n\r\n:<br/>\r\n\r\naaa:asdasd<br/>\r\n\r\n</body>\r\n</html>"
*************** response log end ***************

