[2017-04-14 00:04:26.474] [INFO] resLogger - 
*************** response log start ***************
request method: GET
request originalUrl:  /index/
request client ip:  ::1
request query:  {}
response time: 127
response status: 200
response body: 
"<!DOCTYPE html>\r\n<html lang=\"en\">\r\n<head>\r\n    <meta charset=\"UTF-8\">\r\n    <title>Title</title>\r\n</head>\r\n<body>\r\n\r\n神2:hahahah<br/>\r\n\r\n神2:hahahah<br/>\r\n\r\n神2:hahahah<br/>\r\n\r\n神2:hahahah<br/>\r\n\r\n神2:hahahah<br/>\r\n\r\n神2:hahahah<br/>\r\n\r\n神2:hahahah<br/>\r\n\r\n神2:hahahah<br/>\r\n\r\n神2:hahahah<br/>\r\n\r\n神2:hahahah<br/>\r\n\r\n神2:hahahah<br/>\r\n\r\n神2:hahahah<br/>\r\n\r\n神2:hahahah<br/>\r\n\r\n神2:hahahah<br/>\r\n\r\n神2:hahahah<br/>\r\n\r\n神2:hahahah<br/>\r\n\r\n神2:hahahah<br/>\r\n\r\n神2:hahahah<br/>\r\n\r\n神1:abcd<br/>\r\n\r\n神1:abcd<br/>\r\n\r\n神1:abcd<br/>\r\n\r\n神1:abcd<br/>\r\n\r\n神1:abcd<br/>\r\n\r\n神1:abcd<br/>\r\n\r\n神1:abcd<br/>\r\n\r\n神1:abcd<br/>\r\n\r\n恶魔:1233<br/>\r\n\r\n恶魔:1233<br/>\r\n\r\n神haha:123<br/>\r\n\r\n神haha:123<br/>\r\n\r\n神haha:123<br/>\r\n\r\n神haha:123<br/>\r\n\r\naaa:asdasd<br/>\r\n\r\n:<br/>\r\n\r\naaa:asdasd<br/>\r\n\r\n</body>\r\n</html>"
*************** response log end ***************

[2017-04-14 00:04:36.464] [INFO] resLogger - 
*************** response log start ***************
request method: GET
request originalUrl:  /index/
request client ip:  ::1
request query:  {}
response time: 20
response status: 200
response body: 
"<!DOCTYPE html>\r\n<html lang=\"en\">\r\n<head>\r\n    <meta charset=\"UTF-8\">\r\n    <title>Title</title>\r\n</head>\r\n<body>\r\n\r\n神2:hahahah<br/>\r\n\r\n神2:hahahah<br/>\r\n\r\n神2:hahahah<br/>\r\n\r\n神2:hahahah<br/>\r\n\r\n神2:hahahah<br/>\r\n\r\n神2:hahahah<br/>\r\n\r\n神2:hahahah<br/>\r\n\r\n神2:hahahah<br/>\r\n\r\n神2:hahahah<br/>\r\n\r\n神2:hahahah<br/>\r\n\r\n神2:hahahah<br/>\r\n\r\n神2:hahahah<br/>\r\n\r\n神2:hahahah<br/>\r\n\r\n神2:hahahah<br/>\r\n\r\n神2:hahahah<br/>\r\n\r\n神2:hahahah<br/>\r\n\r\n神2:hahahah<br/>\r\n\r\n神2:hahahah<br/>\r\n\r\n神1:abcd<br/>\r\n\r\n神1:abcd<br/>\r\n\r\n神1:abcd<br/>\r\n\r\n神1:abcd<br/>\r\n\r\n神1:abcd<br/>\r\n\r\n神1:abcd<br/>\r\n\r\n神1:abcd<br/>\r\n\r\n神1:abcd<br/>\r\n\r\n恶魔:1233<br/>\r\n\r\n恶魔:1233<br/>\r\n\r\n神haha:123<br/>\r\n\r\n神haha:123<br/>\r\n\r\n神haha:123<br/>\r\n\r\n神haha:123<br/>\r\n\r\naaa:asdasd<br/>\r\n\r\n:<br/>\r\n\r\naaa:asdasd<br/>\r\n\r\n</body>\r\n</html>"
*************** response log end ***************

[2017-04-14 00:19:15.961] [INFO] resLogger - 
*************** response log start ***************
request method: GET
request originalUrl:  /index/
request client ip:  ::1
request query:  {}
response time: 145
response status: 200
response body: 
"<!DOCTYPE html>\r\n<html lang=\"en\">\r\n<head>\r\n    <meta charset=\"UTF-8\">\r\n    <title>Title</title>\r\n</head>\r\n<body>\r\n\r\n神2:hahahah<br/>\r\n\r\n神2:hahahah<br/>\r\n\r\n神2:hahahah<br/>\r\n\r\n神2:hahahah<br/>\r\n\r\n神2:hahahah<br/>\r\n\r\n神2:hahahah<br/>\r\n\r\n神2:hahahah<br/>\r\n\r\n神2:hahahah<br/>\r\n\r\n神2:hahahah<br/>\r\n\r\n神2:hahahah<br/>\r\n\r\n神2:hahahah<br/>\r\n\r\n神2:hahahah<br/>\r\n\r\n神2:hahahah<br/>\r\n\r\n神2:hahahah<br/>\r\n\r\n神2:hahahah<br/>\r\n\r\n神2:hahahah<br/>\r\n\r\n神2:hahahah<br/>\r\n\r\n神2:hahahah<br/>\r\n\r\n神1:abcd<br/>\r\n\r\n神1:abcd<br/>\r\n\r\n神1:abcd<br/>\r\n\r\n神1:abcd<br/>\r\n\r\n神1:abcd<br/>\r\n\r\n神1:abcd<br/>\r\n\r\n神1:abcd<br/>\r\n\r\n神1:abcd<br/>\r\n\r\n恶魔:1233<br/>\r\n\r\n恶魔:1233<br/>\r\n\r\n神haha:123<br/>\r\n\r\n神haha:123<br/>\r\n\r\n神haha:123<br/>\r\n\r\n神haha:123<br/>\r\n\r\naaa:asdasd<br/>\r\n\r\n:<br/>\r\n\r\naaa:asdasd<br/>\r\n\r\n</body>\r\n</html>"
*************** response log end ***************

