[2017-04-03 18:51:13.640] [ERROR] errorLogger - 
*************** error log start ***************
request method: GET
request originalUrl:  /
request client ip:  ::1
request query:  {}
response time: 20
err name: TypeError
err message: user.f2 is not a function
err stack: TypeError: user.f2 is not a function
    at C:\Users\12156\Desktop\js\node\ko2\HelloKoa2\routes\index.js:9:6
    at dispatch (C:\Users\12156\Desktop\js\node\ko2\HelloKoa2\node_modules\.3.2.1@koa-compose\index.js:44:32)
    at next (C:\Users\12156\Desktop\js\node\ko2\HelloKoa2\node_modules\.3.2.1@koa-compose\index.js:45:18)
    at C:\Users\12156\Desktop\js\node\ko2\HelloKoa2\node_modules\.7.1.1@koa-router\lib\router.js:326:16
    at dispatch (C:\Users\12156\Desktop\js\node\ko2\HelloKoa2\node_modules\.3.2.1@koa-compose\index.js:44:32)
    at C:\Users\12156\Desktop\js\node\ko2\HelloKoa2\node_modules\.3.2.1@koa-compose\index.js:36:12
    at dispatch (C:\Users\12156\Desktop\js\node\ko2\HelloKoa2\node_modules\.7.1.1@koa-router\lib\router.js:331:31)
    at dispatch (C:\Users\12156\Desktop\js\node\ko2\HelloKoa2\node_modules\.3.2.1@koa-compose\index.js:44:32)
    at next (C:\Users\12156\Desktop\js\node\ko2\HelloKoa2\node_modules\.3.2.1@koa-compose\index.js:45:18)
    at app.use (C:\Users\12156\Desktop\js\node\ko2\HelloKoa2\app.js:31:11)
    at dispatch (C:\Users\12156\Desktop\js\node\ko2\HelloKoa2\node_modules\.3.2.1@koa-compose\index.js:44:32)
    at next (C:\Users\12156\Desktop\js\node\ko2\HelloKoa2\node_modules\.3.2.1@koa-compose\index.js:45:18)
    at send.then.done (C:\Users\12156\Desktop\js\node\ko2\HelloKoa2\node_modules\.3.0.0@koa-static\index.js:43:20)
*************** error log end ***************

